[2016-05-09 09:21:11] production.ERROR: exception 'RuntimeException' with message 'No supported encrypter found. The cipher and / or key length are invalid.' in D:\xampp\htdocs\raovat\vendor\laravel\framework\src\Illuminate\Encryption\EncryptionServiceProvider.php:45
Stack trace:
#0 D:\xampp\htdocs\raovat\vendor\laravel\framework\src\Illuminate\Encryption\EncryptionServiceProvider.php(25): Illuminate\Encryption\EncryptionServiceProvider->getEncrypterForKeyAndCipher(NULL, 'AES-256-CBC')
#1 D:\xampp\htdocs\raovat\vendor\laravel\framework\src\Illuminate\Container\Container.php(735): Illuminate\Encryption\EncryptionServiceProvider->Illuminate\Encryption\{closure}(Object(Illuminate\Foundation\Application), Array)
#2 D:\xampp\htdocs\raovat\vendor\laravel\framework\src\Illuminate\Container\Container.php(633): Illuminate\Container\Container->build(Object(Closure), Array)
#3 D:\xampp\htdocs\raovat\vendor\laravel\framework\src\Illuminate\Foundation\Application.php(697): Illuminate\Container\Container->make('encrypter', Array)
#4 D:\xampp\htdocs\raovat\vendor\laravel\framework\src\Illuminate\Container\Container.php(853): Illuminate\Foundation\Application->make('Illuminate\\Cont...')
#5 D:\xampp\htdocs\raovat\vendor\laravel\framework\src\Illuminate\Container\Container.php(808): Illuminate\Container\Container->resolveClass(Object(ReflectionParameter))
#6 D:\xampp\htdocs\raovat\vendor\laravel\framework\src\Illuminate\Container\Container.php(779): Illuminate\Container\Container->getDependencies(Array, Array)
#7 D:\xampp\htdocs\raovat\vendor\laravel\framework\src\Illuminate\Container\Container.php(633): Illuminate\Container\Container->build('App\\Http\\Middle...', Array)
#8 D:\xampp\htdocs\raovat\vendor\laravel\framework\src\Illuminate\Foundation\Application.php(697): Illuminate\Container\Container->make('App\\Http\\Middle...', Array)
#9 D:\xampp\htdocs\raovat\vendor\laravel\framework\src\Illuminate\Pipeline\Pipeline.php(126): Illuminate\Foundation\Application->make('App\\Http\\Middle...')
#10 [internal function]: Illuminate\Pipeline\Pipeline->Illuminate\Pipeline\{closure}(Object(Illuminate\Http\Request))
#11 D:\xampp\htdocs\raovat\vendor\laravel\framework\src\Illuminate\Routing\Pipeline.php(32): call_user_func(Object(Closure), Object(Illuminate\Http\Request))
#12 [internal function]: Illuminate\Routing\Pipeline->Illuminate\Routing\{closure}(Object(Illuminate\Http\Request))
#13 D:\xampp\htdocs\raovat\vendor\laravel\framework\src\Illuminate\Pipeline\Pipeline.php(103): call_user_func(Object(Closure), Object(Illuminate\Http\Request))
#14 D:\xampp\htdocs\raovat\vendor\laravel\framework\src\Illuminate\Routing\Router.php(726): Illuminate\Pipeline\Pipeline->then(Object(Closure))
#15 D:\xampp\htdocs\raovat\vendor\laravel\framework\src\Illuminate\Routing\Router.php(699): Illuminate\Routing\Router->runRouteWithinStack(Object(Illuminate\Routing\Route), Object(Illuminate\Http\Request))
#16 D:\xampp\htdocs\raovat\vendor\laravel\framework\src\Illuminate\Routing\Router.php(675): Illuminate\Routing\Router->dispatchToRoute(Object(Illuminate\Http\Request))
#17 D:\xampp\htdocs\raovat\vendor\laravel\framework\src\Illuminate\Foundation\Http\Kernel.php(246): Illuminate\Routing\Router->dispatch(Object(Illuminate\Http\Request))
#18 [internal function]: Illuminate\Foundation\Http\Kernel->Illuminate\Foundation\Http\{closure}(Object(Illuminate\Http\Request))
#19 D:\xampp\htdocs\raovat\vendor\laravel\framework\src\Illuminate\Routing\Pipeline.php(52): call_user_func(Object(Closure), Object(Illuminate\Http\Request))
#20 D:\xampp\htdocs\raovat\vendor\laravel\framework\src\Illuminate\Foundation\Http\Middleware\CheckForMaintenanceMode.php(44): Illuminate\Routing\Pipeline->Illuminate\Routing\{closure}(Object(Illuminate\Http\Request))
#21 [internal function]: Illuminate\Foundation\Http\Middleware\CheckForMaintenanceMode->handle(Object(Illuminate\Http\Request), Object(Closure))
#22 D:\xampp\htdocs\raovat\vendor\laravel\framework\src\Illuminate\Pipeline\Pipeline.php(136): call_user_func_array(Array, Array)
#23 [internal function]: Illuminate\Pipeline\Pipeline->Illuminate\Pipeline\{closure}(Object(Illuminate\Http\Request))
#24 D:\xampp\htdocs\raovat\vendor\laravel\framework\src\Illuminate\Routing\Pipeline.php(32): call_user_func(Object(Closure), Object(Illuminate\Http\Request))
#25 [internal function]: Illuminate\Routing\Pipeline->Illuminate\Routing\{closure}(Object(Illuminate\Http\Request))
#26 D:\xampp\htdocs\raovat\vendor\laravel\framework\src\Illuminate\Pipeline\Pipeline.php(103): call_user_func(Object(Closure), Object(Illuminate\Http\Request))
#27 D:\xampp\htdocs\raovat\vendor\laravel\framework\src\Illuminate\Foundation\Http\Kernel.php(132): Illuminate\Pipeline\Pipeline->then(Object(Closure))
#28 D:\xampp\htdocs\raovat\vendor\laravel\framework\src\Illuminate\Foundation\Http\Kernel.php(99): Illuminate\Foundation\Http\Kernel->sendRequestThroughRouter(Object(Illuminate\Http\Request))
#29 D:\xampp\htdocs\raovat\public\index.php(54): Illuminate\Foundation\Http\Kernel->handle(Object(Illuminate\Http\Request))
#30 {main}  
[2016-05-09 09:21:11] production.ERROR: exception 'RuntimeException' with message 'No supported encrypter found. The cipher and / or key length are invalid.' in D:\xampp\htdocs\raovat\vendor\laravel\framework\src\Illuminate\Encryption\EncryptionServiceProvider.php:45
Stack trace:
#0 D:\xampp\htdocs\raovat\vendor\laravel\framework\src\Illuminate\Encryption\EncryptionServiceProvider.php(25): Illuminate\Encryption\EncryptionServiceProvider->getEncrypterForKeyAndCipher(NULL, 'AES-256-CBC')
#1 D:\xampp\htdocs\raovat\vendor\laravel\framework\src\Illuminate\Container\Container.php(735): Illuminate\Encryption\EncryptionServiceProvider->Illuminate\Encryption\{closure}(Object(Illuminate\Foundation\Application), Array)
#2 D:\xampp\htdocs\raovat\vendor\laravel\framework\src\Illuminate\Container\Container.php(633): Illuminate\Container\Container->build(Object(Closure), Array)
#3 D:\xampp\htdocs\raovat\vendor\laravel\framework\src\Illuminate\Foundation\Application.php(697): Illuminate\Container\Container->make('encrypter', Array)
#4 D:\xampp\htdocs\raovat\vendor\laravel\framework\src\Illuminate\Container\Container.php(853): Illuminate\Foundation\Application->make('Illuminate\\Cont...')
#5 D:\xampp\htdocs\raovat\vendor\laravel\framework\src\Illuminate\Container\Container.php(808): Illuminate\Container\Container->resolveClass(Object(ReflectionParameter))
#6 D:\xampp\htdocs\raovat\vendor\laravel\framework\src\Illuminate\Container\Container.php(779): Illuminate\Container\Container->getDependencies(Array, Array)
#7 D:\xampp\htdocs\raovat\vendor\laravel\framework\src\Illuminate\Container\Container.php(633): Illuminate\Container\Container->build('App\\Http\\Middle...', Array)
#8 D:\xampp\htdocs\raovat\vendor\laravel\framework\src\Illuminate\Foundation\Application.php(697): Illuminate\Container\Container->make('App\\Http\\Middle...', Array)
#9 D:\xampp\htdocs\raovat\vendor\laravel\framework\src\Illuminate\Foundation\Http\Kernel.php(152): Illuminate\Foundation\Application->make('App\\Http\\Middle...')
#10 D:\xampp\htdocs\raovat\public\index.php(58): Illuminate\Foundation\Http\Kernel->terminate(Object(Illuminate\Http\Request), Object(Illuminate\Http\Response))
#11 {main}  
[2016-05-11 08:52:47] local.ERROR: exception 'InvalidArgumentException' with message 'View [frontend.index] not found.' in D:\xampp\htdocs\raovat\protected\vendor\laravel\framework\src\Illuminate\View\FileViewFinder.php:137
Stack trace:
#0 D:\xampp\htdocs\raovat\protected\vendor\laravel\framework\src\Illuminate\View\FileViewFinder.php(79): Illuminate\View\FileViewFinder->findInPaths('frontend.index', Array)
#1 D:\xampp\htdocs\raovat\protected\vendor\laravel\framework\src\Illuminate\View\Factory.php(165): Illuminate\View\FileViewFinder->find('frontend.index')
#2 D:\xampp\htdocs\raovat\protected\vendor\laravel\framework\src\Illuminate\Foundation\helpers.php(782): Illuminate\View\Factory->make('frontend.index', Array, Array)
#3 D:\xampp\htdocs\raovat\protected\app\Modules\Frontend\routes.php(6): view('frontend.index')
#4 [internal function]: App\Modules\ModuleServiceProvider->{closure}()
#5 D:\xampp\htdocs\raovat\protected\vendor\laravel\framework\src\Illuminate\Routing\Route.php(158): call_user_func_array(Object(Closure), Array)
#6 D:\xampp\htdocs\raovat\protected\vendor\laravel\framework\src\Illuminate\Routing\Route.php(137): Illuminate\Routing\Route->runCallable(Object(Illuminate\Http\Request))
#7 D:\xampp\htdocs\raovat\protected\vendor\laravel\framework\src\Illuminate\Routing\Router.php(724): Illuminate\Routing\Route->run(Object(Illuminate\Http\Request))
#8 [internal function]: Illuminate\Routing\Router->Illuminate\Routing\{closure}(Object(Illuminate\Http\Request))
#9 D:\xampp\htdocs\raovat\protected\vendor\laravel\framework\src\Illuminate\Routing\Pipeline.php(52): call_user_func(Object(Closure), Object(Illuminate\Http\Request))
#10 [internal function]: Illuminate\Routing\Pipeline->Illuminate\Routing\{closure}(Object(Illuminate\Http\Request))
#11 D:\xampp\htdocs\raovat\protected\vendor\laravel\framework\src\Illuminate\Pipeline\Pipeline.php(103): call_user_func(Object(Closure), Object(Illuminate\Http\Request))
#12 D:\xampp\htdocs\raovat\protected\vendor\laravel\framework\src\Illuminate\Routing\Router.php(726): Illuminate\Pipeline\Pipeline->then(Object(Closure))
#13 D:\xampp\htdocs\raovat\protected\vendor\laravel\framework\src\Illuminate\Routing\Router.php(699): Illuminate\Routing\Router->runRouteWithinStack(Object(Illuminate\Routing\Route), Object(Illuminate\Http\Request))
#14 D:\xampp\htdocs\raovat\protected\vendor\laravel\framework\src\Illuminate\Routing\Router.php(675): Illuminate\Routing\Router->dispatchToRoute(Object(Illuminate\Http\Request))
#15 D:\xampp\htdocs\raovat\protected\vendor\laravel\framework\src\Illuminate\Foundation\Http\Kernel.php(246): Illuminate\Routing\Router->dispatch(Object(Illuminate\Http\Request))
#16 [internal function]: Illuminate\Foundation\Http\Kernel->Illuminate\Foundation\Http\{closure}(Object(Illuminate\Http\Request))
#17 D:\xampp\htdocs\raovat\protected\vendor\laravel\framework\src\Illuminate\Routing\Pipeline.php(52): call_user_func(Object(Closure), Object(Illuminate\Http\Request))
#18 D:\xampp\htdocs\raovat\protected\vendor\laravel\framework\src\Illuminate\Foundation\Http\Middleware\CheckForMaintenanceMode.php(44): Illuminate\Routing\Pipeline->Illuminate\Routing\{closure}(Object(Illuminate\Http\Request))
#19 [internal function]: Illuminate\Foundation\Http\Middleware\CheckForMaintenanceMode->handle(Object(Illuminate\Http\Request), Object(Closure))
#20 D:\xampp\htdocs\raovat\protected\vendor\laravel\framework\src\Illuminate\Pipeline\Pipeline.php(136): call_user_func_array(Array, Array)
#21 [internal function]: Illuminate\Pipeline\Pipeline->Illuminate\Pipeline\{closure}(Object(Illuminate\Http\Request))
#22 D:\xampp\htdocs\raovat\protected\vendor\laravel\framework\src\Illuminate\Routing\Pipeline.php(32): call_user_func(Object(Closure), Object(Illuminate\Http\Request))
#23 [internal function]: Illuminate\Routing\Pipeline->Illuminate\Routing\{closure}(Object(Illuminate\Http\Request))
#24 D:\xampp\htdocs\raovat\protected\vendor\laravel\framework\src\Illuminate\Pipeline\Pipeline.php(103): call_user_func(Object(Closure), Object(Illuminate\Http\Request))
#25 D:\xampp\htdocs\raovat\protected\vendor\laravel\framework\src\Illuminate\Foundation\Http\Kernel.php(132): Illuminate\Pipeline\Pipeline->then(Object(Closure))
#26 D:\xampp\htdocs\raovat\protected\vendor\laravel\framework\src\Illuminate\Foundation\Http\Kernel.php(99): Illuminate\Foundation\Http\Kernel->sendRequestThroughRouter(Object(Illuminate\Http\Request))
#27 D:\xampp\htdocs\raovat\index.php(54): Illuminate\Foundation\Http\Kernel->handle(Object(Illuminate\Http\Request))
#28 {main}  
[2016-05-11 08:54:15] local.ERROR: exception 'InvalidArgumentException' with message 'View [layouts.master] not found.' in D:\xampp\htdocs\raovat\protected\vendor\laravel\framework\src\Illuminate\View\FileViewFinder.php:137
Stack trace:
#0 D:\xampp\htdocs\raovat\protected\vendor\laravel\framework\src\Illuminate\View\FileViewFinder.php(79): Illuminate\View\FileViewFinder->findInPaths('layouts.master', Array)
#1 D:\xampp\htdocs\raovat\protected\vendor\laravel\framework\src\Illuminate\View\Factory.php(165): Illuminate\View\FileViewFinder->find('layouts.master')
#2 D:\xampp\htdocs\raovat\protected\storage\framework\views\5bbdbd4c32a23b6bae591fb7ba16df3f8c1ffc25.php(13): Illuminate\View\Factory->make('layouts.master', Array)
#3 D:\xampp\htdocs\raovat\protected\vendor\laravel\framework\src\Illuminate\View\Engines\PhpEngine.php(42): include('D:\\xampp\\htdocs...')
#4 D:\xampp\htdocs\raovat\protected\vendor\laravel\framework\src\Illuminate\View\Engines\CompilerEngine.php(59): Illuminate\View\Engines\PhpEngine->evaluatePath('D:\\xampp\\htdocs...', Array)
#5 D:\xampp\htdocs\raovat\protected\vendor\laravel\framework\src\Illuminate\View\View.php(149): Illuminate\View\Engines\CompilerEngine->get('D:\\xampp\\htdocs...', Array)
#6 D:\xampp\htdocs\raovat\protected\vendor\laravel\framework\src\Illuminate\View\View.php(120): Illuminate\View\View->getContents()
#7 D:\xampp\htdocs\raovat\protected\vendor\laravel\framework\src\Illuminate\View\View.php(85): Illuminate\View\View->renderContents()
#8 D:\xampp\htdocs\raovat\protected\vendor\laravel\framework\src\Illuminate\Http\Response.php(53): Illuminate\View\View->render()
#9 D:\xampp\htdocs\raovat\protected\vendor\symfony\http-foundation\Response.php(199): Illuminate\Http\Response->setContent(Object(Illuminate\View\View))
#10 D:\xampp\htdocs\raovat\protected\vendor\laravel\framework\src\Illuminate\Routing\Router.php(1087): Symfony\Component\HttpFoundation\Response->__construct(Object(Illuminate\View\View))
#11 D:\xampp\htdocs\raovat\protected\vendor\laravel\framework\src\Illuminate\Routing\Router.php(725): Illuminate\Routing\Router->prepareResponse(Object(Illuminate\Http\Request), Object(Illuminate\View\View))
#12 [internal function]: Illuminate\Routing\Router->Illuminate\Routing\{closure}(Object(Illuminate\Http\Request))
#13 D:\xampp\htdocs\raovat\protected\vendor\laravel\framework\src\Illuminate\Routing\Pipeline.php(52): call_user_func(Object(Closure), Object(Illuminate\Http\Request))
#14 [internal function]: Illuminate\Routing\Pipeline->Illuminate\Routing\{closure}(Object(Illuminate\Http\Request))
#15 D:\xampp\htdocs\raovat\protected\vendor\laravel\framework\src\Illuminate\Pipeline\Pipeline.php(103): call_user_func(Object(Closure), Object(Illuminate\Http\Request))
#16 D:\xampp\htdocs\raovat\protected\vendor\laravel\framework\src\Illuminate\Routing\Router.php(726): Illuminate\Pipeline\Pipeline->then(Object(Closure))
#17 D:\xampp\htdocs\raovat\protected\vendor\laravel\framework\src\Illuminate\Routing\Router.php(699): Illuminate\Routing\Router->runRouteWithinStack(Object(Illuminate\Routing\Route), Object(Illuminate\Http\Request))
#18 D:\xampp\htdocs\raovat\protected\vendor\laravel\framework\src\Illuminate\Routing\Router.php(675): Illuminate\Routing\Router->dispatchToRoute(Object(Illuminate\Http\Request))
#19 D:\xampp\htdocs\raovat\protected\vendor\laravel\framework\src\Illuminate\Foundation\Http\Kernel.php(246): Illuminate\Routing\Router->dispatch(Object(Illuminate\Http\Request))
#20 [internal function]: Illuminate\Foundation\Http\Kernel->Illuminate\Foundation\Http\{closure}(Object(Illuminate\Http\Request))
#21 D:\xampp\htdocs\raovat\protected\vendor\laravel\framework\src\Illuminate\Routing\Pipeline.php(52): call_user_func(Object(Closure), Object(Illuminate\Http\Request))
#22 D:\xampp\htdocs\raovat\protected\vendor\laravel\framework\src\Illuminate\Foundation\Http\Middleware\CheckForMaintenanceMode.php(44): Illuminate\Routing\Pipeline->Illuminate\Routing\{closure}(Object(Illuminate\Http\Request))
#23 [internal function]: Illuminate\Foundation\Http\Middleware\CheckForMaintenanceMode->handle(Object(Illuminate\Http\Request), Object(Closure))
#24 D:\xampp\htdocs\raovat\protected\vendor\laravel\framework\src\Illuminate\Pipeline\Pipeline.php(136): call_user_func_array(Array, Array)
#25 [internal function]: Illuminate\Pipeline\Pipeline->Illuminate\Pipeline\{closure}(Object(Illuminate\Http\Request))
#26 D:\xampp\htdocs\raovat\protected\vendor\laravel\framework\src\Illuminate\Routing\Pipeline.php(32): call_user_func(Object(Closure), Object(Illuminate\Http\Request))
#27 [internal function]: Illuminate\Routing\Pipeline->Illuminate\Routing\{closure}(Object(Illuminate\Http\Request))
#28 D:\xampp\htdocs\raovat\protected\vendor\laravel\framework\src\Illuminate\Pipeline\Pipeline.php(103): call_user_func(Object(Closure), Object(Illuminate\Http\Request))
#29 D:\xampp\htdocs\raovat\protected\vendor\laravel\framework\src\Illuminate\Foundation\Http\Kernel.php(132): Illuminate\Pipeline\Pipeline->then(Object(Closure))
#30 D:\xampp\htdocs\raovat\protected\vendor\laravel\framework\src\Illuminate\Foundation\Http\Kernel.php(99): Illuminate\Foundation\Http\Kernel->sendRequestThroughRouter(Object(Illuminate\Http\Request))
#31 D:\xampp\htdocs\raovat\index.php(54): Illuminate\Foundation\Http\Kernel->handle(Object(Illuminate\Http\Request))
#32 {main}

Next exception 'ErrorException' with message 'View [layouts.master] not found. (View: D:\xampp\htdocs\raovat\protected\resources\views\frontend\index.blade.php)' in D:\xampp\htdocs\raovat\protected\vendor\laravel\framework\src\Illuminate\View\FileViewFinder.php:137
Stack trace:
#0 D:\xampp\htdocs\raovat\protected\vendor\laravel\framework\src\Illuminate\View\Engines\PhpEngine.php(44): Illuminate\View\Engines\CompilerEngine->handleViewException(Object(InvalidArgumentException), 1)
#1 D:\xampp\htdocs\raovat\protected\vendor\laravel\framework\src\Illuminate\View\Engines\CompilerEngine.php(59): Illuminate\View\Engines\PhpEngine->evaluatePath('D:\\xampp\\htdocs...', Array)
#2 D:\xampp\htdocs\raovat\protected\vendor\laravel\framework\src\Illuminate\View\View.php(149): Illuminate\View\Engines\CompilerEngine->get('D:\\xampp\\htdocs...', Array)
#3 D:\xampp\htdocs\raovat\protected\vendor\laravel\framework\src\Illuminate\View\View.php(120): Illuminate\View\View->getContents()
#4 D:\xampp\htdocs\raovat\protected\vendor\laravel\framework\src\Illuminate\View\View.php(85): Illuminate\View\View->renderContents()
#5 D:\xampp\htdocs\raovat\protected\vendor\laravel\framework\src\Illuminate\Http\Response.php(53): Illuminate\View\View->render()
#6 D:\xampp\htdocs\raovat\protected\vendor\symfony\http-foundation\Response.php(199): Illuminate\Http\Response->setContent(Object(Illuminate\View\View))
#7 D:\xampp\htdocs\raovat\protected\vendor\laravel\framework\src\Illuminate\Routing\Router.php(1087): Symfony\Component\HttpFoundation\Response->__construct(Object(Illuminate\View\View))
#8 D:\xampp\htdocs\raovat\protected\vendor\laravel\framework\src\Illuminate\Routing\Router.php(725): Illuminate\Routing\Router->prepareResponse(Object(Illuminate\Http\Request), Object(Illuminate\View\View))
#9 [internal function]: Illuminate\Routing\Router->Illuminate\Routing\{closure}(Object(Illuminate\Http\Request))
#10 D:\xampp\htdocs\raovat\protected\vendor\laravel\framework\src\Illuminate\Routing\Pipeline.php(52): call_user_func(Object(Closure), Object(Illuminate\Http\Request))
#11 [internal function]: Illuminate\Routing\Pipeline->Illuminate\Routing\{closure}(Object(Illuminate\Http\Request))
#12 D:\xampp\htdocs\raovat\protected\vendor\laravel\framework\src\Illuminate\Pipeline\Pipeline.php(103): call_user_func(Object(Closure), Object(Illuminate\Http\Request))
#13 D:\xampp\htdocs\raovat\protected\vendor\laravel\framework\src\Illuminate\Routing\Router.php(726): Illuminate\Pipeline\Pipeline->then(Object(Closure))
#14 D:\xampp\htdocs\raovat\protected\vendor\laravel\framework\src\Illuminate\Routing\Router.php(699): Illuminate\Routing\Router->runRouteWithinStack(Object(Illuminate\Routing\Route), Object(Illuminate\Http\Request))
#15 D:\xampp\htdocs\raovat\protected\vendor\laravel\framework\src\Illuminate\Routing\Router.php(675): Illuminate\Routing\Router->dispatchToRoute(Object(Illuminate\Http\Request))
#16 D:\xampp\htdocs\raovat\protected\vendor\laravel\framework\src\Illuminate\Foundation\Http\Kernel.php(246): Illuminate\Routing\Router->dispatch(Object(Illuminate\Http\Request))
#17 [internal function]: Illuminate\Foundation\Http\Kernel->Illuminate\Foundation\Http\{closure}(Object(Illuminate\Http\Request))
#18 D:\xampp\htdocs\raovat\protected\vendor\laravel\framework\src\Illuminate\Routing\Pipeline.php(52): call_user_func(Object(Closure), Object(Illuminate\Http\Request))
#19 D:\xampp\htdocs\raovat\protected\vendor\laravel\framework\src\Illuminate\Foundation\Http\Middleware\CheckForMaintenanceMode.php(44): Illuminate\Routing\Pipeline->Illuminate\Routing\{closure}(Object(Illuminate\Http\Request))
#20 [internal function]: Illuminate\Foundation\Http\Middleware\CheckForMaintenanceMode->handle(Object(Illuminate\Http\Request), Object(Closure))
#21 D:\xampp\htdocs\raovat\protected\vendor\laravel\framework\src\Illuminate\Pipeline\Pipeline.php(136): call_user_func_array(Array, Array)
#22 [internal function]: Illuminate\Pipeline\Pipeline->Illuminate\Pipeline\{closure}(Object(Illuminate\Http\Request))
#23 D:\xampp\htdocs\raovat\protected\vendor\laravel\framework\src\Illuminate\Routing\Pipeline.php(32): call_user_func(Object(Closure), Object(Illuminate\Http\Request))
#24 [internal function]: Illuminate\Routing\Pipeline->Illuminate\Routing\{closure}(Object(Illuminate\Http\Request))
#25 D:\xampp\htdocs\raovat\protected\vendor\laravel\framework\src\Illuminate\Pipeline\Pipeline.php(103): call_user_func(Object(Closure), Object(Illuminate\Http\Request))
#26 D:\xampp\htdocs\raovat\protected\vendor\laravel\framework\src\Illuminate\Foundation\Http\Kernel.php(132): Illuminate\Pipeline\Pipeline->then(Object(Closure))
#27 D:\xampp\htdocs\raovat\protected\vendor\laravel\framework\src\Illuminate\Foundation\Http\Kernel.php(99): Illuminate\Foundation\Http\Kernel->sendRequestThroughRouter(Object(Illuminate\Http\Request))
#28 D:\xampp\htdocs\raovat\index.php(54): Illuminate\Foundation\Http\Kernel->handle(Object(Illuminate\Http\Request))
#29 {main}  
